<?xml version="1.0" encoding="UTF-8"?>
<testng-results ignored="0" total="2" passed="2" failed="0" skipped="0">
  <reporter-output>
  </reporter-output>
  <suite started-at="2021-09-28T12:37:44 IST" name="SampleSuite2" finished-at="2021-09-28T12:38:40 IST" duration-ms="55816">
    <groups>
    </groups>
    <test started-at="2021-09-28T12:37:44 IST" name="SampleTest" finished-at="2021-09-28T12:38:07 IST" duration-ms="23129">
      <class name="seleniumproject.RecorderScript">
        <test-method is-config="true" signature="setup(java.lang.String)[pri:0, instance:seleniumproject.RecorderScript@1e04fa0a]" started-at="2021-09-28T12:37:44 IST" name="setup" finished-at="2021-09-28T12:37:49 IST" duration-ms="4970" status="PASS">
          <params>
            <param index="0">
              <value>
                <![CDATA[Chrome]]>
              </value>
            </param>
          </params>
          <reporter-output>
          </reporter-output>
        </test-method> <!-- setup -->
        <test-method signature="testParameterWithXML()[pri:0, instance:seleniumproject.RecorderScript@1e04fa0a]" started-at="2021-09-28T12:37:49 IST" name="testParameterWithXML" finished-at="2021-09-28T12:38:07 IST" duration-ms="18073" status="PASS">
          <reporter-output>
          </reporter-output>
        </test-method> <!-- testParameterWithXML -->
      </class> <!-- seleniumproject.RecorderScript -->
    </test> <!-- SampleTest -->
    <test started-at="2021-09-28T12:38:07 IST" name="Sample2Test" finished-at="2021-09-28T12:38:40 IST" duration-ms="32628">
      <class name="seleniumproject.RecorderScript">
        <test-method is-config="true" signature="setup(java.lang.String)[pri:0, instance:seleniumproject.RecorderScript@27462a88]" started-at="2021-09-28T12:38:07 IST" name="setup" finished-at="2021-09-28T12:38:16 IST" duration-ms="8151" status="PASS">
          <params>
            <param index="0">
              <value>
                <![CDATA[Firefox]]>
              </value>
            </param>
          </params>
          <reporter-output>
          </reporter-output>
        </test-method> <!-- setup -->
        <test-method signature="testParameterWithXML()[pri:0, instance:seleniumproject.RecorderScript@27462a88]" started-at="2021-09-28T12:38:16 IST" name="testParameterWithXML" finished-at="2021-09-28T12:38:40 IST" duration-ms="24467" status="PASS">
          <reporter-output>
          </reporter-output>
        </test-method> <!-- testParameterWithXML -->
      </class> <!-- seleniumproject.RecorderScript -->
    </test> <!-- Sample2Test -->
  </suite> <!-- SampleSuite2 -->
</testng-results>
